KCPSM6 Assembler log file for program 'C:\Users\progenor\VivadoProjects\PersonalCPU\Fordito\memoria.psm'.
Generated by KCPSM6 version v2.70
Ken Chapman - Xilinx Ltd - 16th May 2014

Assembly datestamp: 02 Dec 2024
Assembly timestamp: 15:59:59

Contents
  Assembly listing
  List of PSM files
  List of CONSTANTs
  List of TABLEs
  List of STRINGs
  List of line labels
  Instruction usage statistics


Last occupied address: 3FF hex
Nominal program memory size: 1K (1024)   address(9:0)
Actual memory size: 4096
  (Default memory size)
Occupied memory locations: 9
Memory locations available: 4087


Assembly listing

 Addr Code                Instruction

 000  28001               ENABLE INTERRUPT
 001  01100               LOAD s1, 00
 002              ciklus: 
 002  09205               INPUT s2, 05
 003  04210               OR s2, s1
 004  2D206               OUTPUT s2, 06
 005  22002               JUMP 002[ciklus]
 006         megszakitas: 
 006  11101               ADD s1, 01
 007  25000               RETURN 
 3FF                      ADDRESS 3FF
 3FF  22006               JUMP 006[megszakitas]


All unused memory locations contain zero (equivalent to 'LOAD s0, s0')



List of PSM files that have been assembled

C:\Users\progenor\VivadoProjects\PersonalCPU\Fordito\memoria.psm



List of defined constants

 CONSTANT name     Value        Source PSM File

 timestamp_hours   15'd         
 timestamp_minutes 59'd         
 timestamp_seconds 59'd         
 datestamp_year    24'd         
 datestamp_month   12'd         
 datestamp_day     02'd         
 NUL               00           
 BEL               07           
 BS                08           
 HT                09           
 LF                0A           
 VT                0B           
 CR                0D           
 ESC               1B           
 DEL               7F           
 DCS               90           
 ST                9C           



No TABLEs defined



List of text strings

 STRING name       String         Source PSM File

 KCPSM6_version$   "v2.70"        
 datestamp$        "02 Dec 2024"  
 timestamp$        "15:59:59"     



List of line labels

   Label         Addr  Source PSM File

   ciklus        002   memoria.psm
   megszakitas   006   memoria.psm



Instruction usage statistics

 Instruction    Instances

 LOAD              1
 STAR              -

 AND               -
 OR                1
 XOR               -

 ADD               1
 ADDCY             -
 SUB               -
 SUBCY             -

 TEST              -
 TESTCY            -
 COMPARE           -
 COMPARECY         -

 SL0               -
 SL1               -
 SLX               -
 SLA               -
 RL                -
 SR0               -
 SR1               -
 SRX               -
 SRA               -
 RR                -

 REGBANK           -

 INPUT             1
 OUTPUT            1
 OUTPUTK           -

 STORE             -
 FETCH             -

 DISABLE           -
 ENABLE            1
 RETURNI           -

 JUMP              2
 JUMP@             -
 CALL              -
 CALL@             -
 RETURN            1
 LOAD&RETURN       -

 HWBUILD           -



End of KCPSM6 log file.
