
*** Running vivado
    with args -log toplevel.vds -m64 -product Vivado -mode batch -messageDb vivado.pb -notrace -source toplevel.tcl


ECHO is off.
ECHO is off.

****** Vivado v2023.2 (64-bit)
  **** SW Build 4029153 on Fri Oct 13 20:14:34 MDT 2023
  **** IP Build 4028589 on Sat Oct 14 00:45:43 MDT 2023
  **** SharedData Build 4025554 on Tue Oct 10 17:18:54 MDT 2023
    ** Copyright 1986-2022 Xilinx, Inc. All Rights Reserved.
    ** Copyright 2022-2023 Advanced Micro Devices, Inc. All Rights Reserved.

INFO: [Common 17-1460] Use of init.tcl in C:/Users/progenor/AppData/Roaming/Xilinx/Vivado/init.tcl is deprecated. Please use Vivado_init.tcl 
Sourcing tcl script 'C:/Users/progenor/AppData/Roaming/Xilinx/Vivado/init.tcl'
source toplevel.tcl -notrace
WARNING: [Board 49-91] Board repository path 'D:Xilinxpynq-z2A.0' does not exist, it will not be used to search board files.
create_project: Time (s): cpu = 00:00:05 ; elapsed = 00:00:06 . Memory (MB): peak = 476.492 ; gain = 186.457
Command: read_checkpoint -auto_incremental -incremental C:/Users/progenor/VivadoProjects/PersonalCPU/PersonalCPU.srcs/utils_1/imports/synth_1/Mux.dcp
INFO: [Vivado 12-5825] Read reference checkpoint from C:/Users/progenor/VivadoProjects/PersonalCPU/PersonalCPU.srcs/utils_1/imports/synth_1/Mux.dcp for incremental synthesis
INFO: [Vivado 12-7989] Please ensure there are no constraint changes
Command: synth_design -top toplevel -part xc7z020clg400-1
Starting synth_design
Attempting to get a license for feature 'Synthesis' and/or device 'xc7z020'
INFO: [Common 17-349] Got license for feature 'Synthesis' and/or device 'xc7z020'
INFO: [Synth 8-7079] Multithreading enabled for synth_design using a maximum of 2 processes.
INFO: [Synth 8-7078] Launching helper process for spawning children vivado processes
INFO: [Synth 8-7075] Helper process launched with PID 42632
---------------------------------------------------------------------------------
Starting Synthesize : Time (s): cpu = 00:00:03 ; elapsed = 00:00:05 . Memory (MB): peak = 926.094 ; gain = 439.422
---------------------------------------------------------------------------------
INFO: [Synth 8-638] synthesizing module 'toplevel' [C:/Users/progenor/VivadoProjects/PersonalCPU/PersonalCPU.srcs/sources_1/new/toplevel.vhd:40]
INFO: [Synth 8-3491] module 'CPU' declared at 'C:/Users/progenor/VivadoProjects/PersonalCPU/PersonalCPU.srcs/sources_1/new/CPU.vhd:35' bound to instance 'processor' of component 'CPU' [C:/Users/progenor/VivadoProjects/PersonalCPU/PersonalCPU.srcs/sources_1/new/toplevel.vhd:99]
INFO: [Synth 8-638] synthesizing module 'CPU' [C:/Users/progenor/VivadoProjects/PersonalCPU/PersonalCPU.srcs/sources_1/new/CPU.vhd:49]
INFO: [Synth 8-3491] module 'RegisterBlock' declared at 'C:/Users/progenor/VivadoProjects/PersonalCPU/PersonalCPU.srcs/sources_1/new/RegisterBlock.vhd:37' bound to instance 'RegisterBlock_inst' of component 'RegisterBlock' [C:/Users/progenor/VivadoProjects/PersonalCPU/PersonalCPU.srcs/sources_1/new/CPU.vhd:190]
INFO: [Synth 8-638] synthesizing module 'RegisterBlock' [C:/Users/progenor/VivadoProjects/PersonalCPU/PersonalCPU.srcs/sources_1/new/RegisterBlock.vhd:48]
INFO: [Synth 8-256] done synthesizing module 'RegisterBlock' (0#1) [C:/Users/progenor/VivadoProjects/PersonalCPU/PersonalCPU.srcs/sources_1/new/RegisterBlock.vhd:48]
INFO: [Synth 8-3491] module 'PortLogic' declared at 'C:/Users/progenor/VivadoProjects/PersonalCPU/PersonalCPU.srcs/sources_1/new/PortLogic.vhd:37' bound to instance 'PortLogic_inst' of component 'PortLogic' [C:/Users/progenor/VivadoProjects/PersonalCPU/PersonalCPU.srcs/sources_1/new/CPU.vhd:203]
INFO: [Synth 8-638] synthesizing module 'PortLogic' [C:/Users/progenor/VivadoProjects/PersonalCPU/PersonalCPU.srcs/sources_1/new/PortLogic.vhd:54]
INFO: [Synth 8-256] done synthesizing module 'PortLogic' (0#1) [C:/Users/progenor/VivadoProjects/PersonalCPU/PersonalCPU.srcs/sources_1/new/PortLogic.vhd:54]
INFO: [Synth 8-3491] module 'PFC' declared at 'C:/Users/progenor/VivadoProjects/PersonalCPU/PersonalCPU.srcs/sources_1/imports/Downloads/PFC.vhd:34' bound to instance 'PFC_inst' of component 'PFC' [C:/Users/progenor/VivadoProjects/PersonalCPU/PersonalCPU.srcs/sources_1/new/CPU.vhd:222]
INFO: [Synth 8-638] synthesizing module 'PFC' [C:/Users/progenor/VivadoProjects/PersonalCPU/PersonalCPU.srcs/sources_1/imports/Downloads/PFC.vhd:58]
INFO: [Synth 8-256] done synthesizing module 'PFC' (0#1) [C:/Users/progenor/VivadoProjects/PersonalCPU/PersonalCPU.srcs/sources_1/imports/Downloads/PFC.vhd:58]
INFO: [Synth 8-3491] module 'Mux' declared at 'C:/Users/progenor/VivadoProjects/PersonalCPU/PersonalCPU.srcs/sources_1/new/Mux.vhd:34' bound to instance 'Mux_inst' of component 'Mux' [C:/Users/progenor/VivadoProjects/PersonalCPU/PersonalCPU.srcs/sources_1/new/CPU.vhd:247]
INFO: [Synth 8-638] synthesizing module 'Mux' [C:/Users/progenor/VivadoProjects/PersonalCPU/PersonalCPU.srcs/sources_1/new/Mux.vhd:44]
INFO: [Synth 8-256] done synthesizing module 'Mux' (0#1) [C:/Users/progenor/VivadoProjects/PersonalCPU/PersonalCPU.srcs/sources_1/new/Mux.vhd:44]
INFO: [Synth 8-3491] module 'IfAndDec' declared at 'C:/Users/progenor/VivadoProjects/PersonalCPU/PersonalCPU.srcs/sources_1/new/IfAndDec.vhd:34' bound to instance 'IfAndDec_inst' of component 'IfAndDec' [C:/Users/progenor/VivadoProjects/PersonalCPU/PersonalCPU.srcs/sources_1/new/CPU.vhd:259]
INFO: [Synth 8-638] synthesizing module 'IfAndDec' [C:/Users/progenor/VivadoProjects/PersonalCPU/PersonalCPU.srcs/sources_1/new/IfAndDec.vhd:49]
INFO: [Synth 8-256] done synthesizing module 'IfAndDec' (0#1) [C:/Users/progenor/VivadoProjects/PersonalCPU/PersonalCPU.srcs/sources_1/new/IfAndDec.vhd:49]
INFO: [Synth 8-3491] module 'DataMemory' declared at 'C:/Users/progenor/VivadoProjects/PersonalCPU/PersonalCPU.srcs/sources_1/new/DataMemory.vhd:35' bound to instance 'DataMemory_inst' of component 'DataMemory' [C:/Users/progenor/VivadoProjects/PersonalCPU/PersonalCPU.srcs/sources_1/new/CPU.vhd:276]
INFO: [Synth 8-638] synthesizing module 'DataMemory' [C:/Users/progenor/VivadoProjects/PersonalCPU/PersonalCPU.srcs/sources_1/new/DataMemory.vhd:47]
INFO: [Synth 8-256] done synthesizing module 'DataMemory' (0#1) [C:/Users/progenor/VivadoProjects/PersonalCPU/PersonalCPU.srcs/sources_1/new/DataMemory.vhd:47]
INFO: [Synth 8-3491] module 'ALU' declared at 'C:/Users/progenor/VivadoProjects/PersonalCPU/PersonalCPU.srcs/sources_1/new/ALU.vhd:38' bound to instance 'ALU_inst' of component 'ALU' [C:/Users/progenor/VivadoProjects/PersonalCPU/PersonalCPU.srcs/sources_1/new/CPU.vhd:290]
INFO: [Synth 8-638] synthesizing module 'ALU' [C:/Users/progenor/VivadoProjects/PersonalCPU/PersonalCPU.srcs/sources_1/new/ALU.vhd:52]
INFO: [Synth 8-256] done synthesizing module 'ALU' (0#1) [C:/Users/progenor/VivadoProjects/PersonalCPU/PersonalCPU.srcs/sources_1/new/ALU.vhd:52]
INFO: [Synth 8-256] done synthesizing module 'CPU' (0#1) [C:/Users/progenor/VivadoProjects/PersonalCPU/PersonalCPU.srcs/sources_1/new/CPU.vhd:49]
	Parameter C_FAMILY bound to: 7S - type: string 
	Parameter C_RAM_SIZE_KWORDS bound to: 2 - type: integer 
	Parameter C_JTAG_LOADER_ENABLE bound to: 0 - type: integer 
INFO: [Synth 8-3491] module 'memoria' declared at 'C:/Users/progenor/VivadoProjects/PersonalCPU/PersonalCPU.srcs/sources_1/new/memoria.vhd:132' bound to instance 'mem' of component 'memoria' [C:/Users/progenor/VivadoProjects/PersonalCPU/PersonalCPU.srcs/sources_1/new/toplevel.vhd:114]
INFO: [Synth 8-638] synthesizing module 'memoria' [C:/Users/progenor/VivadoProjects/PersonalCPU/PersonalCPU.srcs/sources_1/new/memoria.vhd:143]
	Parameter C_FAMILY bound to: 7S - type: string 
	Parameter C_RAM_SIZE_KWORDS bound to: 2 - type: integer 
	Parameter C_JTAG_LOADER_ENABLE bound to: 0 - type: integer 
	Parameter DOA_REG bound to: 0 - type: integer 
	Parameter DOB_REG bound to: 0 - type: integer 
	Parameter EN_ECC_READ bound to: 0 - type: bool 
	Parameter EN_ECC_WRITE bound to: 0 - type: bool 
	Parameter INITP_00 bound to: 256'b0000000000000000000000000000000000000000000000000000000000000000000000000000000000000000000000000000000000000000000000000000000000000000000000000000000000000000000000000000000000000000000000000000000000000000000000000000000000000000000000000000000010100000 
	Parameter INITP_01 bound to: 256'b0000000000000000000000000000000000000000000000000000000000000000000000000000000000000000000000000000000000000000000000000000000000000000000000000000000000000000000000000000000000000000000000000000000000000000000000000000000000000000000000000000000000000000 
	Parameter INITP_02 bound to: 256'b0000000000000000000000000000000000000000000000000000000000000000000000000000000000000000000000000000000000000000000000000000000000000000000000000000000000000000000000000000000000000000000000000000000000000000000000000000000000000000000000000000000000000000 
	Parameter INITP_03 bound to: 256'b0000000000000000000000000000000000000000000000000000000000000000000000000000000000000000000000000000000000000000000000000000000000000000000000000000000000000000000000000000000000000000000000000000000000000000000000000000000000000000000000000000000000000000 
	Parameter INITP_04 bound to: 256'b0000000000000000000000000000000000000000000000000000000000000000000000000000000000000000000000000000000000000000000000000000000000000000000000000000000000000000000000000000000000000000000000000000000000000000000000000000000000000000000000000000000000000000 
	Parameter INITP_05 bound to: 256'b0000000000000000000000000000000000000000000000000000000000000000000000000000000000000000000000000000000000000000000000000000000000000000000000000000000000000000000000000000000000000000000000000000000000000000000000000000000000000000000000000000000000000000 
	Parameter INITP_06 bound to: 256'b0000000000000000000000000000000000000000000000000000000000000000000000000000000000000000000000000000000000000000000000000000000000000000000000000000000000000000000000000000000000000000000000000000000000000000000000000000000000000000000000000000000000000000 
	Parameter INITP_07 bound to: 256'b0000000000000000000000000000000000000000000000000000000000000000000000000000000000000000000000000000000000000000000000000000000000000000000000000000000000000000000000000000000000000000000000000000000000000000000000000000000000000000000000000000000000000000 
	Parameter INITP_08 bound to: 256'b0000000000000000000000000000000000000000000000000000000000000000000000000000000000000000000000000000000000000000000000000000000000000000000000000000000000000000000000000000000000000000000000000000000000000000000000000000000000000000000000000000000000000000 
	Parameter INITP_09 bound to: 256'b0000000000000000000000000000000000000000000000000000000000000000000000000000000000000000000000000000000000000000000000000000000000000000000000000000000000000000000000000000000000000000000000000000000000000000000000000000000000000000000000000000000000000000 
	Parameter INITP_0A bound to: 256'b0000000000000000000000000000000000000000000000000000000000000000000000000000000000000000000000000000000000000000000000000000000000000000000000000000000000000000000000000000000000000000000000000000000000000000000000000000000000000000000000000000000000000000 
	Parameter INITP_0B bound to: 256'b0000000000000000000000000000000000000000000000000000000000000000000000000000000000000000000000000000000000000000000000000000000000000000000000000000000000000000000000000000000000000000000000000000000000000000000000000000000000000000000000000000000000000000 
	Parameter INITP_0C bound to: 256'b0000000000000000000000000000000000000000000000000000000000000000000000000000000000000000000000000000000000000000000000000000000000000000000000000000000000000000000000000000000000000000000000000000000000000000000000000000000000000000000000000000000000000000 
	Parameter INITP_0D bound to: 256'b0000000000000000000000000000000000000000000000000000000000000000000000000000000000000000000000000000000000000000000000000000000000000000000000000000000000000000000000000000000000000000000000000000000000000000000000000000000000000000000000000000000000000000 
	Parameter INITP_0E bound to: 256'b0000000000000000000000000000000000000000000000000000000000000000000000000000000000000000000000000000000000000000000000000000000000000000000000000000000000000000000000000000000000000000000000000000000000000000000000000000000000000000000000000000000000000000 
	Parameter INITP_0F bound to: 256'b0000000000000000000000000000000000000000000000000000000000000000000000000000000000000000000000000000000000000000000000000000000000000000000000000000000000000000000000000000000000000000000000000000000000000000000000000000000000000000000000000000000000000000 
	Parameter INIT_00 bound to: 256'b0000000000000000000000000000000000000000000000000000000000000000000000000000000000000000000000000000000000000000000000000000000000000000000000000000000000000000000000000000000000000000000000000010000000000001110100010000011010010001000001010001000100000000 
	Parameter INIT_01 bound to: 256'b0000000000000000000000000000000000000000000000000000000000000000000000000000000000000000000000000000000000000000000000000000000000000000000000000000000000000000000000000000000000000000000000000000000000000000000000000000000000000000000000000000000000000000 
	Parameter INIT_02 bound to: 256'b0000000000000000000000000000000000000000000000000000000000000000000000000000000000000000000000000000000000000000000000000000000000000000000000000000000000000000000000000000000000000000000000000000000000000000000000000000000000000000000000000000000000000000 
	Parameter INIT_03 bound to: 256'b0000000000000000000000000000000000000000000000000000000000000000000000000000000000000000000000000000000000000000000000000000000000000000000000000000000000000000000000000000000000000000000000000000000000000000000000000000000000000000000000000000000000000000 
	Parameter INIT_04 bound to: 256'b0000000000000000000000000000000000000000000000000000000000000000000000000000000000000000000000000000000000000000000000000000000000000000000000000000000000000000000000000000000000000000000000000000000000000000000000000000000000000000000000000000000000000000 
	Parameter INIT_05 bound to: 256'b0000000000000000000000000000000000000000000000000000000000000000000000000000000000000000000000000000000000000000000000000000000000000000000000000000000000000000000000000000000000000000000000000000000000000000000000000000000000000000000000000000000000000000 
	Parameter INIT_06 bound to: 256'b0000000000000000000000000000000000000000000000000000000000000000000000000000000000000000000000000000000000000000000000000000000000000000000000000000000000000000000000000000000000000000000000000000000000000000000000000000000000000000000000000000000000000000 
	Parameter INIT_07 bound to: 256'b0000000000000000000000000000000000000000000000000000000000000000000000000000000000000000000000000000000000000000000000000000000000000000000000000000000000000000000000000000000000000000000000000000000000000000000000000000000000000000000000000000000000000000 
	Parameter INIT_08 bound to: 256'b0000000000000000000000000000000000000000000000000000000000000000000000000000000000000000000000000000000000000000000000000000000000000000000000000000000000000000000000000000000000000000000000000000000000000000000000000000000000000000000000000000000000000000 
	Parameter INIT_09 bound to: 256'b0000000000000000000000000000000000000000000000000000000000000000000000000000000000000000000000000000000000000000000000000000000000000000000000000000000000000000000000000000000000000000000000000000000000000000000000000000000000000000000000000000000000000000 
	Parameter INIT_0A bound to: 256'b0000000000000000000000000000000000000000000000000000000000000000000000000000000000000000000000000000000000000000000000000000000000000000000000000000000000000000000000000000000000000000000000000000000000000000000000000000000000000000000000000000000000000000 
	Parameter INIT_0B bound to: 256'b0000000000000000000000000000000000000000000000000000000000000000000000000000000000000000000000000000000000000000000000000000000000000000000000000000000000000000000000000000000000000000000000000000000000000000000000000000000000000000000000000000000000000000 
	Parameter INIT_0C bound to: 256'b0000000000000000000000000000000000000000000000000000000000000000000000000000000000000000000000000000000000000000000000000000000000000000000000000000000000000000000000000000000000000000000000000000000000000000000000000000000000000000000000000000000000000000 
	Parameter INIT_0D bound to: 256'b0000000000000000000000000000000000000000000000000000000000000000000000000000000000000000000000000000000000000000000000000000000000000000000000000000000000000000000000000000000000000000000000000000000000000000000000000000000000000000000000000000000000000000 
	Parameter INIT_0E bound to: 256'b0000000000000000000000000000000000000000000000000000000000000000000000000000000000000000000000000000000000000000000000000000000000000000000000000000000000000000000000000000000000000000000000000000000000000000000000000000000000000000000000000000000000000000 
	Parameter INIT_0F bound to: 256'b0000000000000000000000000000000000000000000000000000000000000000000000000000000000000000000000000000000000000000000000000000000000000000000000000000000000000000000000000000000000000000000000000000000000000000000000000000000000000000000000000000000000000000 
	Parameter INIT_10 bound to: 256'b0000000000000000000000000000000000000000000000000000000000000000000000000000000000000000000000000000000000000000000000000000000000000000000000000000000000000000000000000000000000000000000000000000000000000000000000000000000000000000000000000000000000000000 
	Parameter INIT_11 bound to: 256'b0000000000000000000000000000000000000000000000000000000000000000000000000000000000000000000000000000000000000000000000000000000000000000000000000000000000000000000000000000000000000000000000000000000000000000000000000000000000000000000000000000000000000000 
	Parameter INIT_12 bound to: 256'b0000000000000000000000000000000000000000000000000000000000000000000000000000000000000000000000000000000000000000000000000000000000000000000000000000000000000000000000000000000000000000000000000000000000000000000000000000000000000000000000000000000000000000 
	Parameter INIT_13 bound to: 256'b0000000000000000000000000000000000000000000000000000000000000000000000000000000000000000000000000000000000000000000000000000000000000000000000000000000000000000000000000000000000000000000000000000000000000000000000000000000000000000000000000000000000000000 
	Parameter INIT_14 bound to: 256'b0000000000000000000000000000000000000000000000000000000000000000000000000000000000000000000000000000000000000000000000000000000000000000000000000000000000000000000000000000000000000000000000000000000000000000000000000000000000000000000000000000000000000000 
	Parameter INIT_15 bound to: 256'b0000000000000000000000000000000000000000000000000000000000000000000000000000000000000000000000000000000000000000000000000000000000000000000000000000000000000000000000000000000000000000000000000000000000000000000000000000000000000000000000000000000000000000 
	Parameter INIT_16 bound to: 256'b0000000000000000000000000000000000000000000000000000000000000000000000000000000000000000000000000000000000000000000000000000000000000000000000000000000000000000000000000000000000000000000000000000000000000000000000000000000000000000000000000000000000000000 
	Parameter INIT_17 bound to: 256'b0000000000000000000000000000000000000000000000000000000000000000000000000000000000000000000000000000000000000000000000000000000000000000000000000000000000000000000000000000000000000000000000000000000000000000000000000000000000000000000000000000000000000000 
	Parameter INIT_18 bound to: 256'b0000000000000000000000000000000000000000000000000000000000000000000000000000000000000000000000000000000000000000000000000000000000000000000000000000000000000000000000000000000000000000000000000000000000000000000000000000000000000000000000000000000000000000 
	Parameter INIT_19 bound to: 256'b0000000000000000000000000000000000000000000000000000000000000000000000000000000000000000000000000000000000000000000000000000000000000000000000000000000000000000000000000000000000000000000000000000000000000000000000000000000000000000000000000000000000000000 
	Parameter INIT_1A bound to: 256'b0000000000000000000000000000000000000000000000000000000000000000000000000000000000000000000000000000000000000000000000000000000000000000000000000000000000000000000000000000000000000000000000000000000000000000000000000000000000000000000000000000000000000000 
	Parameter INIT_1B bound to: 256'b0000000000000000000000000000000000000000000000000000000000000000000000000000000000000000000000000000000000000000000000000000000000000000000000000000000000000000000000000000000000000000000000000000000000000000000000000000000000000000000000000000000000000000 
	Parameter INIT_1C bound to: 256'b0000000000000000000000000000000000000000000000000000000000000000000000000000000000000000000000000000000000000000000000000000000000000000000000000000000000000000000000000000000000000000000000000000000000000000000000000000000000000000000000000000000000000000 
	Parameter INIT_1D bound to: 256'b0000000000000000000000000000000000000000000000000000000000000000000000000000000000000000000000000000000000000000000000000000000000000000000000000000000000000000000000000000000000000000000000000000000000000000000000000000000000000000000000000000000000000000 
	Parameter INIT_1E bound to: 256'b0000000000000000000000000000000000000000000000000000000000000000000000000000000000000000000000000000000000000000000000000000000000000000000000000000000000000000000000000000000000000000000000000000000000000000000000000000000000000000000000000000000000000000 
	Parameter INIT_1F bound to: 256'b0000000000000000000000000000000000000000000000000000000000000000000000000000000000000000000000000000000000000000000000000000000000000000000000000000000000000000000000000000000000000000000000000000000000000000000000000000000000000000000000000000000000000000 
	Parameter INIT_20 bound to: 256'b0000000000000000000000000000000000000000000000000000000000000000000000000000000000000000000000000000000000000000000000000000000000000000000000000000000000000000000000000000000000000000000000000000000000000000000000000000000000000000000000000000000000000000 
	Parameter INIT_21 bound to: 256'b0000000000000000000000000000000000000000000000000000000000000000000000000000000000000000000000000000000000000000000000000000000000000000000000000000000000000000000000000000000000000000000000000000000000000000000000000000000000000000000000000000000000000000 
	Parameter INIT_22 bound to: 256'b0000000000000000000000000000000000000000000000000000000000000000000000000000000000000000000000000000000000000000000000000000000000000000000000000000000000000000000000000000000000000000000000000000000000000000000000000000000000000000000000000000000000000000 
	Parameter INIT_23 bound to: 256'b0000000000000000000000000000000000000000000000000000000000000000000000000000000000000000000000000000000000000000000000000000000000000000000000000000000000000000000000000000000000000000000000000000000000000000000000000000000000000000000000000000000000000000 
	Parameter INIT_24 bound to: 256'b0000000000000000000000000000000000000000000000000000000000000000000000000000000000000000000000000000000000000000000000000000000000000000000000000000000000000000000000000000000000000000000000000000000000000000000000000000000000000000000000000000000000000000 
	Parameter INIT_25 bound to: 256'b0000000000000000000000000000000000000000000000000000000000000000000000000000000000000000000000000000000000000000000000000000000000000000000000000000000000000000000000000000000000000000000000000000000000000000000000000000000000000000000000000000000000000000 
	Parameter INIT_26 bound to: 256'b0000000000000000000000000000000000000000000000000000000000000000000000000000000000000000000000000000000000000000000000000000000000000000000000000000000000000000000000000000000000000000000000000000000000000000000000000000000000000000000000000000000000000000 
	Parameter INIT_27 bound to: 256'b0000000000000000000000000000000000000000000000000000000000000000000000000000000000000000000000000000000000000000000000000000000000000000000000000000000000000000000000000000000000000000000000000000000000000000000000000000000000000000000000000000000000000000 
	Parameter INIT_28 bound to: 256'b0000000000000000000000000000000000000000000000000000000000000000000000000000000000000000000000000000000000000000000000000000000000000000000000000000000000000000000000000000000000000000000000000000000000000000000000000000000000000000000000000000000000000000 
	Parameter INIT_29 bound to: 256'b0000000000000000000000000000000000000000000000000000000000000000000000000000000000000000000000000000000000000000000000000000000000000000000000000000000000000000000000000000000000000000000000000000000000000000000000000000000000000000000000000000000000000000 
	Parameter INIT_2A bound to: 256'b0000000000000000000000000000000000000000000000000000000000000000000000000000000000000000000000000000000000000000000000000000000000000000000000000000000000000000000000000000000000000000000000000000000000000000000000000000000000000000000000000000000000000000 
	Parameter INIT_2B bound to: 256'b0000000000000000000000000000000000000000000000000000000000000000000000000000000000000000000000000000000000000000000000000000000000000000000000000000000000000000000000000000000000000000000000000000000000000000000000000000000000000000000000000000000000000000 
	Parameter INIT_2C bound to: 256'b0000000000000000000000000000000000000000000000000000000000000000000000000000000000000000000000000000000000000000000000000000000000000000000000000000000000000000000000000000000000000000000000000000000000000000000000000000000000000000000000000000000000000000 
	Parameter INIT_2D bound to: 256'b0000000000000000000000000000000000000000000000000000000000000000000000000000000000000000000000000000000000000000000000000000000000000000000000000000000000000000000000000000000000000000000000000000000000000000000000000000000000000000000000000000000000000000 
	Parameter INIT_2E bound to: 256'b0000000000000000000000000000000000000000000000000000000000000000000000000000000000000000000000000000000000000000000000000000000000000000000000000000000000000000000000000000000000000000000000000000000000000000000000000000000000000000000000000000000000000000 
	Parameter INIT_2F bound to: 256'b0000000000000000000000000000000000000000000000000000000000000000000000000000000000000000000000000000000000000000000000000000000000000000000000000000000000000000000000000000000000000000000000000000000000000000000000000000000000000000000000000000000000000000 
	Parameter INIT_30 bound to: 256'b0000000000000000000000000000000000000000000000000000000000000000000000000000000000000000000000000000000000000000000000000000000000000000000000000000000000000000000000000000000000000000000000000000000000000000000000000000000000000000000000000000000000000000 
	Parameter INIT_31 bound to: 256'b0000000000000000000000000000000000000000000000000000000000000000000000000000000000000000000000000000000000000000000000000000000000000000000000000000000000000000000000000000000000000000000000000000000000000000000000000000000000000000000000000000000000000000 
	Parameter INIT_32 bound to: 256'b0000000000000000000000000000000000000000000000000000000000000000000000000000000000000000000000000000000000000000000000000000000000000000000000000000000000000000000000000000000000000000000000000000000000000000000000000000000000000000000000000000000000000000 
	Parameter INIT_33 bound to: 256'b0000000000000000000000000000000000000000000000000000000000000000000000000000000000000000000000000000000000000000000000000000000000000000000000000000000000000000000000000000000000000000000000000000000000000000000000000000000000000000000000000000000000000000 
	Parameter INIT_34 bound to: 256'b0000000000000000000000000000000000000000000000000000000000000000000000000000000000000000000000000000000000000000000000000000000000000000000000000000000000000000000000000000000000000000000000000000000000000000000000000000000000000000000000000000000000000000 
	Parameter INIT_35 bound to: 256'b0000000000000000000000000000000000000000000000000000000000000000000000000000000000000000000000000000000000000000000000000000000000000000000000000000000000000000000000000000000000000000000000000000000000000000000000000000000000000000000000000000000000000000 
	Parameter INIT_36 bound to: 256'b0000000000000000000000000000000000000000000000000000000000000000000000000000000000000000000000000000000000000000000000000000000000000000000000000000000000000000000000000000000000000000000000000000000000000000000000000000000000000000000000000000000000000000 
	Parameter INIT_37 bound to: 256'b0000000000000000000000000000000000000000000000000000000000000000000000000000000000000000000000000000000000000000000000000000000000000000000000000000000000000000000000000000000000000000000000000000000000000000000000000000000000000000000000000000000000000000 
	Parameter INIT_38 bound to: 256'b0000000000000000000000000000000000000000000000000000000000000000000000000000000000000000000000000000000000000000000000000000000000000000000000000000000000000000000000000000000000000000000000000000000000000000000000000000000000000000000000000000000000000000 
	Parameter INIT_39 bound to: 256'b0000000000000000000000000000000000000000000000000000000000000000000000000000000000000000000000000000000000000000000000000000000000000000000000000000000000000000000000000000000000000000000000000000000000000000000000000000000000000000000000000000000000000000 
	Parameter INIT_3A bound to: 256'b0000000000000000000000000000000000000000000000000000000000000000000000000000000000000000000000000000000000000000000000000000000000000000000000000000000000000000000000000000000000000000000000000000000000000000000000000000000000000000000000000000000000000000 
	Parameter INIT_3B bound to: 256'b0000000000000000000000000000000000000000000000000000000000000000000000000000000000000000000000000000000000000000000000000000000000000000000000000000000000000000000000000000000000000000000000000000000000000000000000000000000000000000000000000000000000000000 
	Parameter INIT_3C bound to: 256'b0000000000000000000000000000000000000000000000000000000000000000000000000000000000000000000000000000000000000000000000000000000000000000000000000000000000000000000000000000000000000000000000000000000000000000000000000000000000000000000000000000000000000000 
	Parameter INIT_3D bound to: 256'b0000000000000000000000000000000000000000000000000000000000000000000000000000000000000000000000000000000000000000000000000000000000000000000000000000000000000000000000000000000000000000000000000000000000000000000000000000000000000000000000000000000000000000 
	Parameter INIT_3E bound to: 256'b0000000000000000000000000000000000000000000000000000000000000000000000000000000000000000000000000000000000000000000000000000000000000000000000000000000000000000000000000000000000000000000000000000000000000000000000000000000000000000000000000000000000000000 
	Parameter INIT_3F bound to: 256'b0000000000000000000000000000000000000000000000000000000000000000000000000000000000000000000000000000000000000000000000000000000000000000000000000000000000000000000000000000000000000000000000000000000000000000000000000000000000000000000000000000000000000000 
	Parameter INIT_40 bound to: 256'b0000000000000000000000000000000000000000000000000000000000000000000000000000000000000000000000000000000000000000000000000000000000000000000000000000000000000000000000000000000000000000000000000000000000000000000000000000000000000000000000000000000000000000 
	Parameter INIT_41 bound to: 256'b0000000000000000000000000000000000000000000000000000000000000000000000000000000000000000000000000000000000000000000000000000000000000000000000000000000000000000000000000000000000000000000000000000000000000000000000000000000000000000000000000000000000000000 
	Parameter INIT_42 bound to: 256'b0000000000000000000000000000000000000000000000000000000000000000000000000000000000000000000000000000000000000000000000000000000000000000000000000000000000000000000000000000000000000000000000000000000000000000000000000000000000000000000000000000000000000000 
	Parameter INIT_43 bound to: 256'b0000000000000000000000000000000000000000000000000000000000000000000000000000000000000000000000000000000000000000000000000000000000000000000000000000000000000000000000000000000000000000000000000000000000000000000000000000000000000000000000000000000000000000 
	Parameter INIT_44 bound to: 256'b0000000000000000000000000000000000000000000000000000000000000000000000000000000000000000000000000000000000000000000000000000000000000000000000000000000000000000000000000000000000000000000000000000000000000000000000000000000000000000000000000000000000000000 
	Parameter INIT_45 bound to: 256'b0000000000000000000000000000000000000000000000000000000000000000000000000000000000000000000000000000000000000000000000000000000000000000000000000000000000000000000000000000000000000000000000000000000000000000000000000000000000000000000000000000000000000000 
	Parameter INIT_46 bound to: 256'b0000000000000000000000000000000000000000000000000000000000000000000000000000000000000000000000000000000000000000000000000000000000000000000000000000000000000000000000000000000000000000000000000000000000000000000000000000000000000000000000000000000000000000 
	Parameter INIT_47 bound to: 256'b0000000000000000000000000000000000000000000000000000000000000000000000000000000000000000000000000000000000000000000000000000000000000000000000000000000000000000000000000000000000000000000000000000000000000000000000000000000000000000000000000000000000000000 
	Parameter INIT_48 bound to: 256'b0000000000000000000000000000000000000000000000000000000000000000000000000000000000000000000000000000000000000000000000000000000000000000000000000000000000000000000000000000000000000000000000000000000000000000000000000000000000000000000000000000000000000000 
	Parameter INIT_49 bound to: 256'b0000000000000000000000000000000000000000000000000000000000000000000000000000000000000000000000000000000000000000000000000000000000000000000000000000000000000000000000000000000000000000000000000000000000000000000000000000000000000000000000000000000000000000 
	Parameter INIT_4A bound to: 256'b0000000000000000000000000000000000000000000000000000000000000000000000000000000000000000000000000000000000000000000000000000000000000000000000000000000000000000000000000000000000000000000000000000000000000000000000000000000000000000000000000000000000000000 
	Parameter INIT_4B bound to: 256'b0000000000000000000000000000000000000000000000000000000000000000000000000000000000000000000000000000000000000000000000000000000000000000000000000000000000000000000000000000000000000000000000000000000000000000000000000000000000000000000000000000000000000000 
	Parameter INIT_4C bound to: 256'b0000000000000000000000000000000000000000000000000000000000000000000000000000000000000000000000000000000000000000000000000000000000000000000000000000000000000000000000000000000000000000000000000000000000000000000000000000000000000000000000000000000000000000 
	Parameter INIT_4D bound to: 256'b0000000000000000000000000000000000000000000000000000000000000000000000000000000000000000000000000000000000000000000000000000000000000000000000000000000000000000000000000000000000000000000000000000000000000000000000000000000000000000000000000000000000000000 
	Parameter INIT_4E bound to: 256'b0000000000000000000000000000000000000000000000000000000000000000000000000000000000000000000000000000000000000000000000000000000000000000000000000000000000000000000000000000000000000000000000000000000000000000000000000000000000000000000000000000000000000000 
	Parameter INIT_4F bound to: 256'b0000000000000000000000000000000000000000000000000000000000000000000000000000000000000000000000000000000000000000000000000000000000000000000000000000000000000000000000000000000000000000000000000000000000000000000000000000000000000000000000000000000000000000 
	Parameter INIT_50 bound to: 256'b0000000000000000000000000000000000000000000000000000000000000000000000000000000000000000000000000000000000000000000000000000000000000000000000000000000000000000000000000000000000000000000000000000000000000000000000000000000000000000000000000000000000000000 
	Parameter INIT_51 bound to: 256'b0000000000000000000000000000000000000000000000000000000000000000000000000000000000000000000000000000000000000000000000000000000000000000000000000000000000000000000000000000000000000000000000000000000000000000000000000000000000000000000000000000000000000000 
	Parameter INIT_52 bound to: 256'b0000000000000000000000000000000000000000000000000000000000000000000000000000000000000000000000000000000000000000000000000000000000000000000000000000000000000000000000000000000000000000000000000000000000000000000000000000000000000000000000000000000000000000 
	Parameter INIT_53 bound to: 256'b0000000000000000000000000000000000000000000000000000000000000000000000000000000000000000000000000000000000000000000000000000000000000000000000000000000000000000000000000000000000000000000000000000000000000000000000000000000000000000000000000000000000000000 
	Parameter INIT_54 bound to: 256'b0000000000000000000000000000000000000000000000000000000000000000000000000000000000000000000000000000000000000000000000000000000000000000000000000000000000000000000000000000000000000000000000000000000000000000000000000000000000000000000000000000000000000000 
	Parameter INIT_55 bound to: 256'b0000000000000000000000000000000000000000000000000000000000000000000000000000000000000000000000000000000000000000000000000000000000000000000000000000000000000000000000000000000000000000000000000000000000000000000000000000000000000000000000000000000000000000 
	Parameter INIT_56 bound to: 256'b0000000000000000000000000000000000000000000000000000000000000000000000000000000000000000000000000000000000000000000000000000000000000000000000000000000000000000000000000000000000000000000000000000000000000000000000000000000000000000000000000000000000000000 
	Parameter INIT_57 bound to: 256'b0000000000000000000000000000000000000000000000000000000000000000000000000000000000000000000000000000000000000000000000000000000000000000000000000000000000000000000000000000000000000000000000000000000000000000000000000000000000000000000000000000000000000000 
	Parameter INIT_58 bound to: 256'b0000000000000000000000000000000000000000000000000000000000000000000000000000000000000000000000000000000000000000000000000000000000000000000000000000000000000000000000000000000000000000000000000000000000000000000000000000000000000000000000000000000000000000 
	Parameter INIT_59 bound to: 256'b0000000000000000000000000000000000000000000000000000000000000000000000000000000000000000000000000000000000000000000000000000000000000000000000000000000000000000000000000000000000000000000000000000000000000000000000000000000000000000000000000000000000000000 
	Parameter INIT_5A bound to: 256'b0000000000000000000000000000000000000000000000000000000000000000000000000000000000000000000000000000000000000000000000000000000000000000000000000000000000000000000000000000000000000000000000000000000000000000000000000000000000000000000000000000000000000000 
	Parameter INIT_5B bound to: 256'b0000000000000000000000000000000000000000000000000000000000000000000000000000000000000000000000000000000000000000000000000000000000000000000000000000000000000000000000000000000000000000000000000000000000000000000000000000000000000000000000000000000000000000 
	Parameter INIT_5C bound to: 256'b0000000000000000000000000000000000000000000000000000000000000000000000000000000000000000000000000000000000000000000000000000000000000000000000000000000000000000000000000000000000000000000000000000000000000000000000000000000000000000000000000000000000000000 
	Parameter INIT_5D bound to: 256'b0000000000000000000000000000000000000000000000000000000000000000000000000000000000000000000000000000000000000000000000000000000000000000000000000000000000000000000000000000000000000000000000000000000000000000000000000000000000000000000000000000000000000000 
	Parameter INIT_5E bound to: 256'b0000000000000000000000000000000000000000000000000000000000000000000000000000000000000000000000000000000000000000000000000000000000000000000000000000000000000000000000000000000000000000000000000000000000000000000000000000000000000000000000000000000000000000 
	Parameter INIT_5F bound to: 256'b0000000000000000000000000000000000000000000000000000000000000000000000000000000000000000000000000000000000000000000000000000000000000000000000000000000000000000000000000000000000000000000000000000000000000000000000000000000000000000000000000000000000000000 
	Parameter INIT_60 bound to: 256'b0000000000000000000000000000000000000000000000000000000000000000000000000000000000000000000000000000000000000000000000000000000000000000000000000000000000000000000000000000000000000000000000000000000000000000000000000000000000000000000000000000000000000000 
	Parameter INIT_61 bound to: 256'b0000000000000000000000000000000000000000000000000000000000000000000000000000000000000000000000000000000000000000000000000000000000000000000000000000000000000000000000000000000000000000000000000000000000000000000000000000000000000000000000000000000000000000 
	Parameter INIT_62 bound to: 256'b0000000000000000000000000000000000000000000000000000000000000000000000000000000000000000000000000000000000000000000000000000000000000000000000000000000000000000000000000000000000000000000000000000000000000000000000000000000000000000000000000000000000000000 
	Parameter INIT_63 bound to: 256'b0000000000000000000000000000000000000000000000000000000000000000000000000000000000000000000000000000000000000000000000000000000000000000000000000000000000000000000000000000000000000000000000000000000000000000000000000000000000000000000000000000000000000000 
	Parameter INIT_64 bound to: 256'b0000000000000000000000000000000000000000000000000000000000000000000000000000000000000000000000000000000000000000000000000000000000000000000000000000000000000000000000000000000000000000000000000000000000000000000000000000000000000000000000000000000000000000 
	Parameter INIT_65 bound to: 256'b0000000000000000000000000000000000000000000000000000000000000000000000000000000000000000000000000000000000000000000000000000000000000000000000000000000000000000000000000000000000000000000000000000000000000000000000000000000000000000000000000000000000000000 
	Parameter INIT_66 bound to: 256'b0000000000000000000000000000000000000000000000000000000000000000000000000000000000000000000000000000000000000000000000000000000000000000000000000000000000000000000000000000000000000000000000000000000000000000000000000000000000000000000000000000000000000000 
	Parameter INIT_67 bound to: 256'b0000000000000000000000000000000000000000000000000000000000000000000000000000000000000000000000000000000000000000000000000000000000000000000000000000000000000000000000000000000000000000000000000000000000000000000000000000000000000000000000000000000000000000 
	Parameter INIT_68 bound to: 256'b0000000000000000000000000000000000000000000000000000000000000000000000000000000000000000000000000000000000000000000000000000000000000000000000000000000000000000000000000000000000000000000000000000000000000000000000000000000000000000000000000000000000000000 
	Parameter INIT_69 bound to: 256'b0000000000000000000000000000000000000000000000000000000000000000000000000000000000000000000000000000000000000000000000000000000000000000000000000000000000000000000000000000000000000000000000000000000000000000000000000000000000000000000000000000000000000000 
	Parameter INIT_6A bound to: 256'b0000000000000000000000000000000000000000000000000000000000000000000000000000000000000000000000000000000000000000000000000000000000000000000000000000000000000000000000000000000000000000000000000000000000000000000000000000000000000000000000000000000000000000 
	Parameter INIT_6B bound to: 256'b0000000000000000000000000000000000000000000000000000000000000000000000000000000000000000000000000000000000000000000000000000000000000000000000000000000000000000000000000000000000000000000000000000000000000000000000000000000000000000000000000000000000000000 
	Parameter INIT_6C bound to: 256'b0000000000000000000000000000000000000000000000000000000000000000000000000000000000000000000000000000000000000000000000000000000000000000000000000000000000000000000000000000000000000000000000000000000000000000000000000000000000000000000000000000000000000000 
	Parameter INIT_6D bound to: 256'b0000000000000000000000000000000000000000000000000000000000000000000000000000000000000000000000000000000000000000000000000000000000000000000000000000000000000000000000000000000000000000000000000000000000000000000000000000000000000000000000000000000000000000 
	Parameter INIT_6E bound to: 256'b0000000000000000000000000000000000000000000000000000000000000000000000000000000000000000000000000000000000000000000000000000000000000000000000000000000000000000000000000000000000000000000000000000000000000000000000000000000000000000000000000000000000000000 
	Parameter INIT_6F bound to: 256'b0000000000000000000000000000000000000000000000000000000000000000000000000000000000000000000000000000000000000000000000000000000000000000000000000000000000000000000000000000000000000000000000000000000000000000000000000000000000000000000000000000000000000000 
	Parameter INIT_70 bound to: 256'b0000000000000000000000000000000000000000000000000000000000000000000000000000000000000000000000000000000000000000000000000000000000000000000000000000000000000000000000000000000000000000000000000000000000000000000000000000000000000000000000000000000000000000 
	Parameter INIT_71 bound to: 256'b0000000000000000000000000000000000000000000000000000000000000000000000000000000000000000000000000000000000000000000000000000000000000000000000000000000000000000000000000000000000000000000000000000000000000000000000000000000000000000000000000000000000000000 
	Parameter INIT_72 bound to: 256'b0000000000000000000000000000000000000000000000000000000000000000000000000000000000000000000000000000000000000000000000000000000000000000000000000000000000000000000000000000000000000000000000000000000000000000000000000000000000000000000000000000000000000000 
	Parameter INIT_73 bound to: 256'b0000000000000000000000000000000000000000000000000000000000000000000000000000000000000000000000000000000000000000000000000000000000000000000000000000000000000000000000000000000000000000000000000000000000000000000000000000000000000000000000000000000000000000 
	Parameter INIT_74 bound to: 256'b0000000000000000000000000000000000000000000000000000000000000000000000000000000000000000000000000000000000000000000000000000000000000000000000000000000000000000000000000000000000000000000000000000000000000000000000000000000000000000000000000000000000000000 
	Parameter INIT_75 bound to: 256'b0000000000000000000000000000000000000000000000000000000000000000000000000000000000000000000000000000000000000000000000000000000000000000000000000000000000000000000000000000000000000000000000000000000000000000000000000000000000000000000000000000000000000000 
	Parameter INIT_76 bound to: 256'b0000000000000000000000000000000000000000000000000000000000000000000000000000000000000000000000000000000000000000000000000000000000000000000000000000000000000000000000000000000000000000000000000000000000000000000000000000000000000000000000000000000000000000 
	Parameter INIT_77 bound to: 256'b0000000000000000000000000000000000000000000000000000000000000000000000000000000000000000000000000000000000000000000000000000000000000000000000000000000000000000000000000000000000000000000000000000000000000000000000000000000000000000000000000000000000000000 
	Parameter INIT_78 bound to: 256'b0000000000000000000000000000000000000000000000000000000000000000000000000000000000000000000000000000000000000000000000000000000000000000000000000000000000000000000000000000000000000000000000000000000000000000000000000000000000000000000000000000000000000000 
	Parameter INIT_79 bound to: 256'b0000000000000000000000000000000000000000000000000000000000000000000000000000000000000000000000000000000000000000000000000000000000000000000000000000000000000000000000000000000000000000000000000000000000000000000000000000000000000000000000000000000000000000 
	Parameter INIT_7A bound to: 256'b0000000000000000000000000000000000000000000000000000000000000000000000000000000000000000000000000000000000000000000000000000000000000000000000000000000000000000000000000000000000000000000000000000000000000000000000000000000000000000000000000000000000000000 
	Parameter INIT_7B bound to: 256'b0000000000000000000000000000000000000000000000000000000000000000000000000000000000000000000000000000000000000000000000000000000000000000000000000000000000000000000000000000000000000000000000000000000000000000000000000000000000000000000000000000000000000000 
	Parameter INIT_7C bound to: 256'b0000000000000000000000000000000000000000000000000000000000000000000000000000000000000000000000000000000000000000000000000000000000000000000000000000000000000000000000000000000000000000000000000000000000000000000000000000000000000000000000000000000000000000 
	Parameter INIT_7D bound to: 256'b0000000000000000000000000000000000000000000000000000000000000000000000000000000000000000000000000000000000000000000000000000000000000000000000000000000000000000000000000000000000000000000000000000000000000000000000000000000000000000000000000000000000000000 
	Parameter INIT_7E bound to: 256'b0000000000000000000000000000000000000000000000000000000000000000000000000000000000000000000000000000000000000000000000000000000000000000000000000000000000000000000000000000000000000000000000000000000000000000000000000000000000000000000000000000000000000000 
	Parameter INIT_7F bound to: 256'b0000000000000000000000000000000000000000000000000000000000000000000000000000000000000000000000000000000000000000000000000000000000000000000000000000000000000000000000000000000000000000000000000000000000000000000000000000000000000000000000000000000000000000 
	Parameter INIT_A bound to: 36'b000000000000000000000000000000000000 
	Parameter INIT_B bound to: 36'b000000000000000000000000000000000000 
	Parameter INIT_FILE bound to: NONE - type: string 
	Parameter RAM_EXTENSION_A bound to: NONE - type: string 
	Parameter RAM_EXTENSION_B bound to: NONE - type: string 
	Parameter RAM_MODE bound to: TDP - type: string 
	Parameter RDADDR_COLLISION_HWCONFIG bound to: DELAYED_WRITE - type: string 
	Parameter READ_WIDTH_A bound to: 18 - type: integer 
	Parameter READ_WIDTH_B bound to: 18 - type: integer 
	Parameter RSTREG_PRIORITY_A bound to: REGCE - type: string 
	Parameter RSTREG_PRIORITY_B bound to: REGCE - type: string 
	Parameter SIM_COLLISION_CHECK bound to: ALL - type: string 
	Parameter SIM_DEVICE bound to: 7SERIES - type: string 
	Parameter SRVAL_A bound to: 36'b000000000000000000000000000000000000 
	Parameter SRVAL_B bound to: 36'b000000000000000000000000000000000000 
	Parameter WRITE_MODE_A bound to: WRITE_FIRST - type: string 
	Parameter WRITE_MODE_B bound to: WRITE_FIRST - type: string 
	Parameter WRITE_WIDTH_A bound to: 18 - type: integer 
	Parameter WRITE_WIDTH_B bound to: 18 - type: integer 
INFO: [Synth 8-113] binding component instance 'kcpsm6_rom' to cell 'RAMB36E1' [C:/Users/progenor/VivadoProjects/PersonalCPU/PersonalCPU.srcs/sources_1/new/memoria.vhd:1162]
INFO: [Synth 8-256] done synthesizing module 'memoria' (0#1) [C:/Users/progenor/VivadoProjects/PersonalCPU/PersonalCPU.srcs/sources_1/new/memoria.vhd:143]
INFO: [Synth 8-256] done synthesizing module 'toplevel' (0#1) [C:/Users/progenor/VivadoProjects/PersonalCPU/PersonalCPU.srcs/sources_1/new/toplevel.vhd:40]
WARNING: [Synth 8-3848] Net ReadStrobe in module/entity CPU does not have driver. [C:/Users/progenor/VivadoProjects/PersonalCPU/PersonalCPU.srcs/sources_1/new/CPU.vhd:43]
WARNING: [Synth 8-3848] Net WriteStrobe in module/entity CPU does not have driver. [C:/Users/progenor/VivadoProjects/PersonalCPU/PersonalCPU.srcs/sources_1/new/CPU.vhd:44]
WARNING: [Synth 8-3848] Net interrupt_Acknowledge in module/entity CPU does not have driver. [C:/Users/progenor/VivadoProjects/PersonalCPU/PersonalCPU.srcs/sources_1/new/CPU.vhd:45]
WARNING: [Synth 8-3848] Net instruction_Address in module/entity CPU does not have driver. [C:/Users/progenor/VivadoProjects/PersonalCPU/PersonalCPU.srcs/sources_1/new/CPU.vhd:46]
WARNING: [Synth 8-3848] Net PortID_indir in module/entity CPU does not have driver. [C:/Users/progenor/VivadoProjects/PersonalCPU/PersonalCPU.srcs/sources_1/new/CPU.vhd:163]
WARNING: [Synth 8-3848] Net DataOutX in module/entity CPU does not have driver. [C:/Users/progenor/VivadoProjects/PersonalCPU/PersonalCPU.srcs/sources_1/new/CPU.vhd:167]
WARNING: [Synth 8-7129] Port Al_Instr_Ext[3] in module ALU is either unconnected or has no load
WARNING: [Synth 8-7129] Port Al_Instr_Ext[2] in module ALU is either unconnected or has no load
WARNING: [Synth 8-7129] Port Al_Instr_Ext[1] in module ALU is either unconnected or has no load
WARNING: [Synth 8-7129] Port Al_Instr_Ext[0] in module ALU is either unconnected or has no load
WARNING: [Synth 8-7129] Port Execute in module ALU is either unconnected or has no load
WARNING: [Synth 8-7129] Port ReadStrobe in module CPU is either unconnected or has no load
WARNING: [Synth 8-7129] Port WriteStrobe in module CPU is either unconnected or has no load
WARNING: [Synth 8-7129] Port interrupt_Acknowledge in module CPU is either unconnected or has no load
WARNING: [Synth 8-7129] Port instruction_Address[11] in module CPU is either unconnected or has no load
WARNING: [Synth 8-7129] Port instruction_Address[10] in module CPU is either unconnected or has no load
WARNING: [Synth 8-7129] Port instruction_Address[9] in module CPU is either unconnected or has no load
WARNING: [Synth 8-7129] Port instruction_Address[8] in module CPU is either unconnected or has no load
WARNING: [Synth 8-7129] Port instruction_Address[7] in module CPU is either unconnected or has no load
WARNING: [Synth 8-7129] Port instruction_Address[6] in module CPU is either unconnected or has no load
WARNING: [Synth 8-7129] Port instruction_Address[5] in module CPU is either unconnected or has no load
WARNING: [Synth 8-7129] Port instruction_Address[4] in module CPU is either unconnected or has no load
WARNING: [Synth 8-7129] Port instruction_Address[3] in module CPU is either unconnected or has no load
WARNING: [Synth 8-7129] Port instruction_Address[2] in module CPU is either unconnected or has no load
WARNING: [Synth 8-7129] Port instruction_Address[1] in module CPU is either unconnected or has no load
WARNING: [Synth 8-7129] Port instruction_Address[0] in module CPU is either unconnected or has no load
---------------------------------------------------------------------------------
Finished Synthesize : Time (s): cpu = 00:00:05 ; elapsed = 00:00:07 . Memory (MB): peak = 1055.523 ; gain = 568.852
---------------------------------------------------------------------------------
---------------------------------------------------------------------------------
Finished Constraint Validation : Time (s): cpu = 00:00:06 ; elapsed = 00:00:07 . Memory (MB): peak = 1055.523 ; gain = 568.852
---------------------------------------------------------------------------------
---------------------------------------------------------------------------------
Start Loading Part and Timing Information
---------------------------------------------------------------------------------
Loading part: xc7z020clg400-1
---------------------------------------------------------------------------------
Finished Loading Part and Timing Information : Time (s): cpu = 00:00:06 ; elapsed = 00:00:07 . Memory (MB): peak = 1055.523 ; gain = 568.852
---------------------------------------------------------------------------------
INFO: [Device 21-403] Loading part xc7z020clg400-1
---------------------------------------------------------------------------------
Start Preparing Guide Design
---------------------------------------------------------------------------------
CRITICAL WARNING: [Synth 8-6895] The reference checkpoint C:/Users/progenor/VivadoProjects/PersonalCPU/PersonalCPU.srcs/utils_1/imports/synth_1/Mux.dcp is not suitable for use with incremental synthesis for this design. Please regenerate the checkpoint for this design with -incremental_synth switch in the same Vivado session that synth_design has been run. Synthesis will continue with the default flow
---------------------------------------------------------------------------------
Finished Doing Graph Differ : Time (s): cpu = 00:00:06 ; elapsed = 00:00:07 . Memory (MB): peak = 1055.523 ; gain = 568.852
---------------------------------------------------------------------------------
---------------------------------------------------------------------------------
Finished Preparing Guide Design : Time (s): cpu = 00:00:06 ; elapsed = 00:00:07 . Memory (MB): peak = 1055.523 ; gain = 568.852
---------------------------------------------------------------------------------
WARNING: [Synth 8-327] inferring latch for variable 'SX_Addr_reg' [C:/Users/progenor/VivadoProjects/PersonalCPU/PersonalCPU.srcs/sources_1/new/IfAndDec.vhd:56]
WARNING: [Synth 8-327] inferring latch for variable 'SY_Addr_reg' [C:/Users/progenor/VivadoProjects/PersonalCPU/PersonalCPU.srcs/sources_1/new/IfAndDec.vhd:57]
WARNING: [Synth 8-327] inferring latch for variable 'DMemAddr_dir_reg' [C:/Users/progenor/VivadoProjects/PersonalCPU/PersonalCPU.srcs/sources_1/new/IfAndDec.vhd:58]
WARNING: [Synth 8-327] inferring latch for variable 'ENInterrupt_reg' [C:/Users/progenor/VivadoProjects/PersonalCPU/PersonalCPU.srcs/sources_1/new/IfAndDec.vhd:59]
WARNING: [Synth 8-327] inferring latch for variable 'Instr_code_reg' [C:/Users/progenor/VivadoProjects/PersonalCPU/PersonalCPU.srcs/sources_1/new/IfAndDec.vhd:64]
WARNING: [Synth 8-327] inferring latch for variable 'PortID_dir_reg' [C:/Users/progenor/VivadoProjects/PersonalCPU/PersonalCPU.srcs/sources_1/new/IfAndDec.vhd:60]
WARNING: [Synth 8-327] inferring latch for variable 'Branch_Addr_reg' [C:/Users/progenor/VivadoProjects/PersonalCPU/PersonalCPU.srcs/sources_1/new/IfAndDec.vhd:61]
WARNING: [Synth 8-327] inferring latch for variable 'AL_Instr_Ext_reg' [C:/Users/progenor/VivadoProjects/PersonalCPU/PersonalCPU.srcs/sources_1/new/IfAndDec.vhd:62]
WARNING: [Synth 8-327] inferring latch for variable 'KK_const_reg' [C:/Users/progenor/VivadoProjects/PersonalCPU/PersonalCPU.srcs/sources_1/new/IfAndDec.vhd:63]
---------------------------------------------------------------------------------
Finished RTL Optimization Phase 2 : Time (s): cpu = 00:00:07 ; elapsed = 00:00:08 . Memory (MB): peak = 1055.523 ; gain = 568.852
---------------------------------------------------------------------------------


Incremental Synthesis Report Summary:

1. Incremental synthesis run: no

   Reason for not running incremental synthesis : 


INFO: [Synth 8-7130] Flow is switching to default flow due to incremental criteria not met. If you would like to alter this behaviour and have the flow terminate instead, please set the following parameter config_implementation {autoIncr.Synth.RejectBehavior Terminate}
No constraint files found.
---------------------------------------------------------------------------------
Start RTL Component Statistics 
---------------------------------------------------------------------------------
Detailed RTL Component Info : 
+---Adders : 
	   3 Input   17 Bit       Adders := 1     
	   2 Input   12 Bit       Adders := 1     
	   2 Input   10 Bit       Adders := 2     
	   2 Input    9 Bit       Adders := 2     
	   3 Input    8 Bit       Adders := 1     
	   4 Input    8 Bit       Adders := 1     
	   2 Input    8 Bit       Adders := 1     
	   4 Input    5 Bit       Adders := 1     
	   3 Input    5 Bit       Adders := 1     
	   2 Input    5 Bit       Adders := 1     
	   2 Input    3 Bit       Adders := 1     
	   2 Input    2 Bit       Adders := 1     
+---XORs : 
	   2 Input      8 Bit         XORs := 2     
+---Registers : 
	               17 Bit    Registers := 1     
	               16 Bit    Registers := 86    
	               12 Bit    Registers := 33    
	                5 Bit    Registers := 1     
	                4 Bit    Registers := 2     
	                3 Bit    Registers := 2     
	                2 Bit    Registers := 1     
	                1 Bit    Registers := 20    
+---Muxes : 
	   6 Input   16 Bit        Muxes := 1     
	   2 Input   16 Bit        Muxes := 2     
	  16 Input   16 Bit        Muxes := 1     
	   2 Input   12 Bit        Muxes := 78    
	   3 Input   12 Bit        Muxes := 1     
	   2 Input    8 Bit        Muxes := 1     
	   8 Input    8 Bit        Muxes := 2     
	   8 Input    6 Bit        Muxes := 2     
	   2 Input    6 Bit        Muxes := 1     
	   8 Input    4 Bit        Muxes := 2     
	   3 Input    4 Bit        Muxes := 1     
	  18 Input    4 Bit        Muxes := 1     
	   2 Input    3 Bit        Muxes := 1     
	  15 Input    3 Bit        Muxes := 1     
	   2 Input    2 Bit        Muxes := 1     
	  15 Input    2 Bit        Muxes := 8     
	  25 Input    2 Bit        Muxes := 2     
	   8 Input    2 Bit        Muxes := 3     
	  11 Input    2 Bit        Muxes := 1     
	   2 Input    1 Bit        Muxes := 91    
	   7 Input    1 Bit        Muxes := 7     
	   3 Input    1 Bit        Muxes := 11    
	  15 Input    1 Bit        Muxes := 8     
	   4 Input    1 Bit        Muxes := 1     
	   5 Input    1 Bit        Muxes := 3     
	  25 Input    1 Bit        Muxes := 1     
	   9 Input    1 Bit        Muxes := 5     
	   8 Input    1 Bit        Muxes := 1     
---------------------------------------------------------------------------------
Finished RTL Component Statistics 
---------------------------------------------------------------------------------
---------------------------------------------------------------------------------
Start Part Resource Summary
---------------------------------------------------------------------------------
Part Resources:
DSPs: 220 (col length:60)
BRAMs: 280 (col length: RAMB18 60 RAMB36 30)
---------------------------------------------------------------------------------
Finished Part Resource Summary
---------------------------------------------------------------------------------
No constraint files found.
---------------------------------------------------------------------------------
Start Cross Boundary and Area Optimization
---------------------------------------------------------------------------------
WARNING: [Synth 8-7080] Parallel synthesis criteria is not met
WARNING: [Synth 8-7129] Port Al_Instr_Ext[3] in module ALU is either unconnected or has no load
WARNING: [Synth 8-7129] Port Al_Instr_Ext[2] in module ALU is either unconnected or has no load
WARNING: [Synth 8-7129] Port Al_Instr_Ext[1] in module ALU is either unconnected or has no load
WARNING: [Synth 8-7129] Port Al_Instr_Ext[0] in module ALU is either unconnected or has no load
WARNING: [Synth 8-7129] Port Execute in module ALU is either unconnected or has no load
WARNING: [Synth 8-7129] Port ReadStrobe in module CPU is either unconnected or has no load
WARNING: [Synth 8-7129] Port WriteStrobe in module CPU is either unconnected or has no load
WARNING: [Synth 8-7129] Port interrupt_Acknowledge in module CPU is either unconnected or has no load
WARNING: [Synth 8-7129] Port instruction_Address[11] in module CPU is either unconnected or has no load
WARNING: [Synth 8-7129] Port instruction_Address[10] in module CPU is either unconnected or has no load
WARNING: [Synth 8-7129] Port instruction_Address[9] in module CPU is either unconnected or has no load
WARNING: [Synth 8-7129] Port instruction_Address[8] in module CPU is either unconnected or has no load
WARNING: [Synth 8-7129] Port instruction_Address[7] in module CPU is either unconnected or has no load
WARNING: [Synth 8-7129] Port instruction_Address[6] in module CPU is either unconnected or has no load
WARNING: [Synth 8-7129] Port instruction_Address[5] in module CPU is either unconnected or has no load
WARNING: [Synth 8-7129] Port instruction_Address[4] in module CPU is either unconnected or has no load
WARNING: [Synth 8-7129] Port instruction_Address[3] in module CPU is either unconnected or has no load
WARNING: [Synth 8-7129] Port instruction_Address[2] in module CPU is either unconnected or has no load
WARNING: [Synth 8-7129] Port instruction_Address[1] in module CPU is either unconnected or has no load
WARNING: [Synth 8-7129] Port instruction_Address[0] in module CPU is either unconnected or has no load
WARNING: [Synth 8-3332] Sequential element (processor/IfAndDec_inst/ENInterrupt_reg) is unused and will be removed from module toplevel.
WARNING: [Synth 8-3332] Sequential element (processor/IfAndDec_inst/Branch_Addr_reg[11]) is unused and will be removed from module toplevel.
WARNING: [Synth 8-3332] Sequential element (processor/IfAndDec_inst/Branch_Addr_reg[10]) is unused and will be removed from module toplevel.
WARNING: [Synth 8-3332] Sequential element (processor/IfAndDec_inst/Branch_Addr_reg[9]) is unused and will be removed from module toplevel.
WARNING: [Synth 8-3332] Sequential element (processor/IfAndDec_inst/Branch_Addr_reg[8]) is unused and will be removed from module toplevel.
WARNING: [Synth 8-3332] Sequential element (processor/IfAndDec_inst/Branch_Addr_reg[7]) is unused and will be removed from module toplevel.
WARNING: [Synth 8-3332] Sequential element (processor/IfAndDec_inst/Branch_Addr_reg[6]) is unused and will be removed from module toplevel.
WARNING: [Synth 8-3332] Sequential element (processor/IfAndDec_inst/Branch_Addr_reg[5]) is unused and will be removed from module toplevel.
WARNING: [Synth 8-3332] Sequential element (processor/IfAndDec_inst/Branch_Addr_reg[4]) is unused and will be removed from module toplevel.
WARNING: [Synth 8-3332] Sequential element (processor/IfAndDec_inst/Branch_Addr_reg[3]) is unused and will be removed from module toplevel.
WARNING: [Synth 8-3332] Sequential element (processor/IfAndDec_inst/Branch_Addr_reg[2]) is unused and will be removed from module toplevel.
WARNING: [Synth 8-3332] Sequential element (processor/IfAndDec_inst/Branch_Addr_reg[1]) is unused and will be removed from module toplevel.
WARNING: [Synth 8-3332] Sequential element (processor/IfAndDec_inst/Branch_Addr_reg[0]) is unused and will be removed from module toplevel.
WARNING: [Synth 8-3332] Sequential element (processor/IfAndDec_inst/AL_Instr_Ext_reg[3]) is unused and will be removed from module toplevel.
WARNING: [Synth 8-3332] Sequential element (processor/IfAndDec_inst/AL_Instr_Ext_reg[2]) is unused and will be removed from module toplevel.
WARNING: [Synth 8-3332] Sequential element (processor/IfAndDec_inst/AL_Instr_Ext_reg[1]) is unused and will be removed from module toplevel.
WARNING: [Synth 8-3332] Sequential element (processor/IfAndDec_inst/AL_Instr_Ext_reg[0]) is unused and will be removed from module toplevel.
WARNING: [Synth 8-3332] Sequential element (processor/IfAndDec_inst/SX_Addr_reg[3]) is unused and will be removed from module toplevel.
WARNING: [Synth 8-3332] Sequential element (processor/IfAndDec_inst/SX_Addr_reg[2]) is unused and will be removed from module toplevel.
WARNING: [Synth 8-3332] Sequential element (processor/IfAndDec_inst/SX_Addr_reg[1]) is unused and will be removed from module toplevel.
WARNING: [Synth 8-3332] Sequential element (processor/IfAndDec_inst/SX_Addr_reg[0]) is unused and will be removed from module toplevel.
WARNING: [Synth 8-3332] Sequential element (processor/IfAndDec_inst/SY_Addr_reg[3]) is unused and will be removed from module toplevel.
WARNING: [Synth 8-3332] Sequential element (processor/IfAndDec_inst/SY_Addr_reg[2]) is unused and will be removed from module toplevel.
WARNING: [Synth 8-3332] Sequential element (processor/IfAndDec_inst/SY_Addr_reg[1]) is unused and will be removed from module toplevel.
WARNING: [Synth 8-3332] Sequential element (processor/IfAndDec_inst/SY_Addr_reg[0]) is unused and will be removed from module toplevel.
WARNING: [Synth 8-3332] Sequential element (processor/IfAndDec_inst/DMemAddr_dir_reg[5]) is unused and will be removed from module toplevel.
WARNING: [Synth 8-3332] Sequential element (processor/IfAndDec_inst/DMemAddr_dir_reg[4]) is unused and will be removed from module toplevel.
WARNING: [Synth 8-3332] Sequential element (processor/IfAndDec_inst/DMemAddr_dir_reg[3]) is unused and will be removed from module toplevel.
WARNING: [Synth 8-3332] Sequential element (processor/IfAndDec_inst/DMemAddr_dir_reg[2]) is unused and will be removed from module toplevel.
WARNING: [Synth 8-3332] Sequential element (processor/IfAndDec_inst/DMemAddr_dir_reg[1]) is unused and will be removed from module toplevel.
WARNING: [Synth 8-3332] Sequential element (processor/IfAndDec_inst/DMemAddr_dir_reg[0]) is unused and will be removed from module toplevel.
WARNING: [Synth 8-3332] Sequential element (processor/IfAndDec_inst/Instr_code_reg[5]) is unused and will be removed from module toplevel.
WARNING: [Synth 8-3332] Sequential element (processor/IfAndDec_inst/Instr_code_reg[4]) is unused and will be removed from module toplevel.
WARNING: [Synth 8-3332] Sequential element (processor/IfAndDec_inst/Instr_code_reg[3]) is unused and will be removed from module toplevel.
WARNING: [Synth 8-3332] Sequential element (processor/IfAndDec_inst/Instr_code_reg[2]) is unused and will be removed from module toplevel.
WARNING: [Synth 8-3332] Sequential element (processor/IfAndDec_inst/Instr_code_reg[1]) is unused and will be removed from module toplevel.
WARNING: [Synth 8-3332] Sequential element (processor/IfAndDec_inst/Instr_code_reg[0]) is unused and will be removed from module toplevel.
WARNING: [Synth 8-3332] Sequential element (processor/IfAndDec_inst/PortID_dir_reg[7]) is unused and will be removed from module toplevel.
WARNING: [Synth 8-3332] Sequential element (processor/IfAndDec_inst/PortID_dir_reg[6]) is unused and will be removed from module toplevel.
WARNING: [Synth 8-3332] Sequential element (processor/IfAndDec_inst/PortID_dir_reg[5]) is unused and will be removed from module toplevel.
WARNING: [Synth 8-3332] Sequential element (processor/IfAndDec_inst/PortID_dir_reg[4]) is unused and will be removed from module toplevel.
WARNING: [Synth 8-3332] Sequential element (processor/IfAndDec_inst/PortID_dir_reg[3]) is unused and will be removed from module toplevel.
WARNING: [Synth 8-3332] Sequential element (processor/IfAndDec_inst/PortID_dir_reg[2]) is unused and will be removed from module toplevel.
WARNING: [Synth 8-3332] Sequential element (processor/IfAndDec_inst/PortID_dir_reg[1]) is unused and will be removed from module toplevel.
WARNING: [Synth 8-3332] Sequential element (processor/IfAndDec_inst/PortID_dir_reg[0]) is unused and will be removed from module toplevel.
WARNING: [Synth 8-3332] Sequential element (processor/IfAndDec_inst/KK_const_reg[7]) is unused and will be removed from module toplevel.
WARNING: [Synth 8-3332] Sequential element (processor/IfAndDec_inst/KK_const_reg[6]) is unused and will be removed from module toplevel.
WARNING: [Synth 8-3332] Sequential element (processor/IfAndDec_inst/KK_const_reg[5]) is unused and will be removed from module toplevel.
WARNING: [Synth 8-3332] Sequential element (processor/IfAndDec_inst/KK_const_reg[4]) is unused and will be removed from module toplevel.
WARNING: [Synth 8-3332] Sequential element (processor/IfAndDec_inst/KK_const_reg[3]) is unused and will be removed from module toplevel.
WARNING: [Synth 8-3332] Sequential element (processor/IfAndDec_inst/KK_const_reg[2]) is unused and will be removed from module toplevel.
WARNING: [Synth 8-3332] Sequential element (processor/IfAndDec_inst/KK_const_reg[1]) is unused and will be removed from module toplevel.
WARNING: [Synth 8-3332] Sequential element (processor/IfAndDec_inst/KK_const_reg[0]) is unused and will be removed from module toplevel.
---------------------------------------------------------------------------------
Finished Cross Boundary and Area Optimization : Time (s): cpu = 00:00:11 ; elapsed = 00:00:14 . Memory (MB): peak = 1254.188 ; gain = 767.516
---------------------------------------------------------------------------------
No constraint files found.
---------------------------------------------------------------------------------
Start Timing Optimization
---------------------------------------------------------------------------------
---------------------------------------------------------------------------------
Finished Timing Optimization : Time (s): cpu = 00:00:11 ; elapsed = 00:00:14 . Memory (MB): peak = 1254.188 ; gain = 767.516
---------------------------------------------------------------------------------
---------------------------------------------------------------------------------
Start Technology Mapping
---------------------------------------------------------------------------------
---------------------------------------------------------------------------------
Finished Technology Mapping : Time (s): cpu = 00:00:11 ; elapsed = 00:00:14 . Memory (MB): peak = 1254.188 ; gain = 767.516
---------------------------------------------------------------------------------
---------------------------------------------------------------------------------
Start IO Insertion
---------------------------------------------------------------------------------
---------------------------------------------------------------------------------
Start Flattening Before IO Insertion
---------------------------------------------------------------------------------
---------------------------------------------------------------------------------
Finished Flattening Before IO Insertion
---------------------------------------------------------------------------------
---------------------------------------------------------------------------------
Start Final Netlist Cleanup
---------------------------------------------------------------------------------
---------------------------------------------------------------------------------
Finished Final Netlist Cleanup
---------------------------------------------------------------------------------
---------------------------------------------------------------------------------
Finished IO Insertion : Time (s): cpu = 00:00:14 ; elapsed = 00:00:17 . Memory (MB): peak = 1254.188 ; gain = 767.516
---------------------------------------------------------------------------------
---------------------------------------------------------------------------------
Start Renaming Generated Instances
---------------------------------------------------------------------------------
---------------------------------------------------------------------------------
Finished Renaming Generated Instances : Time (s): cpu = 00:00:14 ; elapsed = 00:00:17 . Memory (MB): peak = 1254.188 ; gain = 767.516
---------------------------------------------------------------------------------
---------------------------------------------------------------------------------
Start Rebuilding User Hierarchy
---------------------------------------------------------------------------------
---------------------------------------------------------------------------------
Finished Rebuilding User Hierarchy : Time (s): cpu = 00:00:14 ; elapsed = 00:00:17 . Memory (MB): peak = 1254.188 ; gain = 767.516
---------------------------------------------------------------------------------
---------------------------------------------------------------------------------
Start Renaming Generated Ports
---------------------------------------------------------------------------------
---------------------------------------------------------------------------------
Finished Renaming Generated Ports : Time (s): cpu = 00:00:14 ; elapsed = 00:00:18 . Memory (MB): peak = 1254.188 ; gain = 767.516
---------------------------------------------------------------------------------
---------------------------------------------------------------------------------
Start Handling Custom Attributes
---------------------------------------------------------------------------------
---------------------------------------------------------------------------------
Finished Handling Custom Attributes : Time (s): cpu = 00:00:14 ; elapsed = 00:00:18 . Memory (MB): peak = 1254.188 ; gain = 767.516
---------------------------------------------------------------------------------
---------------------------------------------------------------------------------
Start Renaming Generated Nets
---------------------------------------------------------------------------------
---------------------------------------------------------------------------------
Finished Renaming Generated Nets : Time (s): cpu = 00:00:14 ; elapsed = 00:00:18 . Memory (MB): peak = 1254.188 ; gain = 767.516
---------------------------------------------------------------------------------
---------------------------------------------------------------------------------
Start Writing Synthesis Report
---------------------------------------------------------------------------------

Report BlackBoxes: 
+-+--------------+----------+
| |BlackBox name |Instances |
+-+--------------+----------+
+-+--------------+----------+

Report Cell Usage: 
+------+-----+------+
|      |Cell |Count |
+------+-----+------+
|1     |OBUF |     4|
+------+-----+------+

Report Instance Areas: 
+------+---------+-------+------+
|      |Instance |Module |Cells |
+------+---------+-------+------+
|1     |top      |       |     4|
+------+---------+-------+------+
---------------------------------------------------------------------------------
Finished Writing Synthesis Report : Time (s): cpu = 00:00:14 ; elapsed = 00:00:18 . Memory (MB): peak = 1254.188 ; gain = 767.516
---------------------------------------------------------------------------------
Synthesis finished with 0 errors, 1 critical warnings and 109 warnings.
Synthesis Optimization Runtime : Time (s): cpu = 00:00:14 ; elapsed = 00:00:18 . Memory (MB): peak = 1254.188 ; gain = 767.516
Synthesis Optimization Complete : Time (s): cpu = 00:00:14 ; elapsed = 00:00:18 . Memory (MB): peak = 1254.188 ; gain = 767.516
INFO: [Project 1-571] Translating synthesized netlist
Netlist sorting complete. Time (s): cpu = 00:00:00 ; elapsed = 00:00:00 . Memory (MB): peak = 1257.137 ; gain = 0.000
INFO: [Project 1-570] Preparing netlist for logic optimization
INFO: [Opt 31-138] Pushed 0 inverter(s) to 0 load pin(s).
Netlist sorting complete. Time (s): cpu = 00:00:00 ; elapsed = 00:00:00 . Memory (MB): peak = 1358.348 ; gain = 0.000
INFO: [Project 1-111] Unisim Transformation Summary:
No Unisim elements were transformed.

The system cannot find the path specified.
Synth Design complete | Checksum: 926333b1
INFO: [Common 17-83] Releasing license: Synthesis
43 Infos, 110 Warnings, 1 Critical Warnings and 0 Errors encountered.
synth_design completed successfully
synth_design: Time (s): cpu = 00:00:16 ; elapsed = 00:00:19 . Memory (MB): peak = 1358.348 ; gain = 878.898
INFO: [runtcl-6] Synthesis results are not added to the cache due to CRITICAL_WARNING
Write ShapeDB Complete: Time (s): cpu = 00:00:00 ; elapsed = 00:00:00.001 . Memory (MB): peak = 1358.348 ; gain = 0.000
INFO: [Common 17-1381] The checkpoint 'C:/Users/progenor/VivadoProjects/PersonalCPU/PersonalCPU.runs/synth_1/toplevel.dcp' has been generated.
INFO: [runtcl-4] Executing : report_utilization -file toplevel_utilization_synth.rpt -pb toplevel_utilization_synth.pb
INFO: [Common 17-206] Exiting Vivado at Wed Nov 20 16:27:25 2024...
